[2025-03-12 04:04:37 -0400] [53014] [INFO] Starting gunicorn 23.0.0
[2025-03-12 04:04:37 -0400] [53014] [INFO] Listening at: unix:/tmp/ig_manager.sock (53014)
[2025-03-12 04:04:37 -0400] [53014] [INFO] Using worker: sync
[2025-03-12 04:04:37 -0400] [53016] [INFO] Booting worker with pid: 53016
[2025-03-12 04:04:37 -0400] [53017] [INFO] Booting worker with pid: 53017
[2025-03-12 04:04:37 -0400] [53018] [INFO] Booting worker with pid: 53018
[2025-03-12 04:04:53 -0400] [53014] [INFO] Handling signal: int
[2025-03-12 04:04:53 -0400] [53018] [INFO] Worker exiting (pid: 53018)
[2025-03-12 04:04:53 -0400] [53017] [INFO] Worker exiting (pid: 53017)
[2025-03-12 04:04:53 -0400] [53016] [INFO] Worker exiting (pid: 53016)
[2025-03-12 04:04:53 -0400] [53014] [INFO] Shutting down: Master
[2025-03-12 04:04:57 -0400] [53133] [INFO] Starting gunicorn 23.0.0
[2025-03-12 04:04:57 -0400] [53133] [INFO] Listening at: unix:/tmp/ig_manager.sock (53133)
[2025-03-12 04:04:57 -0400] [53133] [INFO] Using worker: sync
[2025-03-12 04:04:57 -0400] [53134] [INFO] Booting worker with pid: 53134
[2025-03-12 04:04:57 -0400] [53135] [INFO] Booting worker with pid: 53135
[2025-03-12 04:04:57 -0400] [53136] [INFO] Booting worker with pid: 53136
[2025-03-12 04:05:03 -0400] [53133] [INFO] Handling signal: hup
[2025-03-12 04:05:03 -0400] [53133] [INFO] Hang up: Master
[2025-03-12 04:05:03 -0400] [53133] [ERROR] Worker (pid:53135) was sent SIGHUP!
[2025-03-12 04:05:03 -0400] [53133] [ERROR] Worker (pid:53134) was sent SIGHUP!
[2025-03-12 04:05:03 -0400] [53133] [ERROR] Worker (pid:53136) was sent SIGHUP!
[2025-03-12 04:05:03 -0400] [53197] [INFO] Booting worker with pid: 53197
[2025-03-12 04:05:03 -0400] [53199] [INFO] Booting worker with pid: 53199
[2025-03-12 04:05:03 -0400] [53201] [INFO] Booting worker with pid: 53201
[2025-03-12 04:05:47 -0400] [53751] [INFO] Starting gunicorn 23.0.0
[2025-03-12 04:05:47 -0400] [53751] [INFO] Listening at: unix:/tmp/ig_manager.sock (53751)
[2025-03-12 04:05:47 -0400] [53751] [INFO] Using worker: sync
[2025-03-12 04:05:47 -0400] [53752] [INFO] Booting worker with pid: 53752
[2025-03-12 04:05:47 -0400] [53753] [INFO] Booting worker with pid: 53753
[2025-03-12 04:05:47 -0400] [53754] [INFO] Booting worker with pid: 53754
[2025-03-12 04:06:37 -0400] [53751] [INFO] Handling signal: int
[2025-03-12 04:06:37 -0400] [53752] [INFO] Worker exiting (pid: 53752)
[2025-03-12 04:06:37 -0400] [53753] [INFO] Worker exiting (pid: 53753)
[2025-03-12 04:06:37 -0400] [53754] [INFO] Worker exiting (pid: 53754)
connection established.
[2025-03-12 04:06:37 -0400] [53751] [INFO] Shutting down: Master
